[dotenv] Set [36mPOSTGRES_PORT[0m and [36mRAILS_MAX_THREADS[0m
[dotenv] Loaded [33m.env[0m
[dotenv] Set [36mPOSTGRES_PORT[0m and [36mRAILS_MAX_THREADS[0m
[dotenv] Loaded [33m.env[0m
[dotenv] Set [36mPOSTGRES_PORT[0m and [36mRAILS_MAX_THREADS[0m
[dotenv] Loaded [33m.env[0m
[dotenv] Set [36mPOSTGRES_PORT[0m and [36mRAILS_MAX_THREADS[0m
[dotenv] Loaded [33m.env[0m
  [1m[35m (71.8ms)[0m  [1m[35mDROP DATABASE IF EXISTS "ates_auth"[0m
  [1m[35m (0.1ms)[0m  [1m[35mDROP DATABASE IF EXISTS "auth_test"[0m
  [1m[35m (61.8ms)[0m  [1m[35mCREATE DATABASE "ates_auth" ENCODING = 'unicode'[0m
  [1m[35m (52.6ms)[0m  [1m[35mCREATE DATABASE "auth_test" ENCODING = 'unicode'[0m
[dotenv] Set [36mPOSTGRES_PORT[0m and [36mRAILS_MAX_THREADS[0m
[dotenv] Loaded [33m.env[0m
  [1m[35m (16.8ms)[0m  [1m[35mCREATE TABLE "schema_migrations" ("version" character varying NOT NULL PRIMARY KEY)[0m
  [1m[35m (16.4ms)[0m  [1m[35mCREATE TABLE "ar_internal_metadata" ("key" character varying NOT NULL PRIMARY KEY, "value" character varying, "created_at" timestamp(6) NOT NULL, "updated_at" timestamp(6) NOT NULL)[0m
  [1m[35m (0.5ms)[0m  [1m[34mSELECT pg_try_advisory_lock(6163866117450727245)[0m
  [1m[36mActiveRecord::SchemaMigration Load (0.9ms)[0m  [1m[34mSELECT "schema_migrations"."version" FROM "schema_migrations" ORDER BY "schema_migrations"."version" ASC[0m
  [1m[36mActiveRecord::InternalMetadata Load (0.7ms)[0m  [1m[34mSELECT * FROM "ar_internal_metadata" WHERE "ar_internal_metadata"."key" = $1 ORDER BY "ar_internal_metadata"."key" ASC LIMIT 1[0m  [[nil, "environment"]]
  [1m[36mActiveRecord::InternalMetadata Create (2.6ms)[0m  [1m[32mINSERT INTO "ar_internal_metadata" ("key", "value", "created_at", "updated_at") VALUES ('environment', 'development', '2024-02-25 15:39:52.348227', '2024-02-25 15:39:52.348229') RETURNING "key"[0m
Migrating to DeviseCreateUsers (20240225150237)
  [1m[36mTRANSACTION (0.5ms)[0m  [1m[35mBEGIN[0m
  [1m[35m (14.6ms)[0m  [1m[35mCREATE TABLE "users" ("id" bigserial primary key, "email" character varying DEFAULT '' NOT NULL, "encrypted_password" character varying DEFAULT '' NOT NULL, "created_at" timestamp(6) NOT NULL, "updated_at" timestamp(6) NOT NULL)[0m
  [1m[35m (7.4ms)[0m  [1m[35mCREATE UNIQUE INDEX "index_users_on_email" ON "users" ("email")[0m
  [1m[36mActiveRecord::SchemaMigration Create (0.7ms)[0m  [1m[32mINSERT INTO "schema_migrations" ("version") VALUES ('20240225150237') RETURNING "version"[0m
  [1m[36mTRANSACTION (2.4ms)[0m  [1m[35mCOMMIT[0m
  [1m[35m (0.6ms)[0m  [1m[34mSELECT pg_advisory_unlock(6163866117450727245)[0m
  [1m[36mActiveRecord::SchemaMigration Load (0.7ms)[0m  [1m[34mSELECT "schema_migrations"."version" FROM "schema_migrations" ORDER BY "schema_migrations"."version" ASC[0m
[dotenv] Set [36mPOSTGRES_PORT[0m and [36mRAILS_MAX_THREADS[0m
[dotenv] Loaded [33m.env[0m
[dotenv] Set [36mPOSTGRES_PORT[0m and [36mRAILS_MAX_THREADS[0m
[dotenv] Loaded [33m.env[0m
[dotenv] Set [36mPOSTGRES_PORT[0m and [36mRAILS_MAX_THREADS[0m
[dotenv] Loaded [33m.env[0m
[dotenv] Set [36mPOSTGRES_PORT[0m and [36mRAILS_MAX_THREADS[0m
[dotenv] Loaded [33m.env[0m
[dotenv] Set [36mPOSTGRES_PORT[0m and [36mRAILS_MAX_THREADS[0m
[dotenv] Loaded [33m.env[0m
[dotenv] Set [36mPOSTGRES_PORT[0m and [36mRAILS_MAX_THREADS[0m
[dotenv] Loaded [33m.env[0m
  [1m[35m (0.1ms)[0m  [1m[34mSELECT pg_try_advisory_lock(6163866117450727245)[0m
  [1m[36mActiveRecord::SchemaMigration Load (0.3ms)[0m  [1m[34mSELECT "schema_migrations"."version" FROM "schema_migrations" ORDER BY "schema_migrations"."version" ASC[0m
  [1m[36mActiveRecord::InternalMetadata Load (0.3ms)[0m  [1m[34mSELECT * FROM "ar_internal_metadata" WHERE "ar_internal_metadata"."key" = $1 ORDER BY "ar_internal_metadata"."key" ASC LIMIT 1[0m  [[nil, "environment"]]
Migrating to CreateDoorkeeperTables (20240225160131)
  [1m[36mTRANSACTION (0.1ms)[0m  [1m[35mBEGIN[0m
  [1m[35m (14.9ms)[0m  [1m[35mCREATE TABLE "oauth_applications" ("id" bigserial primary key, "name" character varying NOT NULL, "uid" character varying NOT NULL, "secret" character varying NOT NULL, "redirect_uri" text NOT NULL, "scopes" character varying DEFAULT '' NOT NULL, "confidential" boolean DEFAULT TRUE NOT NULL, "created_at" timestamp(6) NOT NULL, "updated_at" timestamp(6) NOT NULL)[0m
  [1m[35m (7.2ms)[0m  [1m[35mCREATE UNIQUE INDEX "index_oauth_applications_on_uid" ON "oauth_applications" ("uid")[0m
  [1m[35m (15.1ms)[0m  [1m[35mCREATE TABLE "oauth_access_grants" ("id" bigserial primary key, "resource_owner_id" bigint NOT NULL, "application_id" bigint NOT NULL, "token" character varying NOT NULL, "expires_in" integer NOT NULL, "redirect_uri" text NOT NULL, "scopes" character varying DEFAULT '' NOT NULL, "created_at" timestamp(6) NOT NULL, "revoked_at" timestamp(6))[0m
  [1m[35m (7.4ms)[0m  [1m[35mCREATE INDEX "index_oauth_access_grants_on_resource_owner_id" ON "oauth_access_grants" ("resource_owner_id")[0m
  [1m[35m (8.2ms)[0m  [1m[35mCREATE INDEX "index_oauth_access_grants_on_application_id" ON "oauth_access_grants" ("application_id")[0m
  [1m[35m (8.2ms)[0m  [1m[35mCREATE UNIQUE INDEX "index_oauth_access_grants_on_token" ON "oauth_access_grants" ("token")[0m
  [1m[35m (3.4ms)[0m  [1m[35mALTER TABLE "oauth_access_grants" ADD CONSTRAINT "fk_rails_b4b53e07b8"
FOREIGN KEY ("application_id")
  REFERENCES "oauth_applications" ("id")
[0m
  [1m[35m (15.3ms)[0m  [1m[35mCREATE TABLE "oauth_access_tokens" ("id" bigserial primary key, "resource_owner_id" bigint, "application_id" bigint NOT NULL, "token" character varying NOT NULL, "refresh_token" character varying, "expires_in" integer, "scopes" character varying, "created_at" timestamp(6) NOT NULL, "revoked_at" timestamp(6), "previous_refresh_token" character varying DEFAULT '' NOT NULL)[0m
  [1m[35m (7.4ms)[0m  [1m[35mCREATE INDEX "index_oauth_access_tokens_on_resource_owner_id" ON "oauth_access_tokens" ("resource_owner_id")[0m
  [1m[35m (7.4ms)[0m  [1m[35mCREATE INDEX "index_oauth_access_tokens_on_application_id" ON "oauth_access_tokens" ("application_id")[0m
  [1m[35m (8.1ms)[0m  [1m[35mCREATE UNIQUE INDEX "index_oauth_access_tokens_on_token" ON "oauth_access_tokens" ("token")[0m
  [1m[35m (7.5ms)[0m  [1m[35mCREATE UNIQUE INDEX "index_oauth_access_tokens_on_refresh_token" ON "oauth_access_tokens" ("refresh_token")[0m
  [1m[35m (1.3ms)[0m  [1m[35mALTER TABLE "oauth_access_tokens" ADD CONSTRAINT "fk_rails_732cb83ab7"
FOREIGN KEY ("application_id")
  REFERENCES "oauth_applications" ("id")
[0m
  [1m[36mActiveRecord::SchemaMigration Create (0.4ms)[0m  [1m[32mINSERT INTO "schema_migrations" ("version") VALUES ('20240225160131') RETURNING "version"[0m
  [1m[36mTRANSACTION (2.5ms)[0m  [1m[35mCOMMIT[0m
  [1m[35m (0.6ms)[0m  [1m[34mSELECT pg_advisory_unlock(6163866117450727245)[0m
  [1m[36mActiveRecord::SchemaMigration Load (1.0ms)[0m  [1m[34mSELECT "schema_migrations"."version" FROM "schema_migrations" ORDER BY "schema_migrations"."version" ASC[0m
[dotenv] Set [36mPOSTGRES_PORT[0m and [36mRAILS_MAX_THREADS[0m
[dotenv] Loaded [33m.env[0m
  [1m[36mActiveRecord::SchemaMigration Load (0.8ms)[0m  [1m[34mSELECT "schema_migrations"."version" FROM "schema_migrations" ORDER BY "schema_migrations"."version" ASC[0m
  [1m[36mActiveRecord::SchemaMigration Load (0.5ms)[0m  [1m[34mSELECT "schema_migrations"."version" FROM "schema_migrations" ORDER BY "schema_migrations"."version" ASC[0m
  [1m[36mActiveRecord::SchemaMigration Load (0.3ms)[0m  [1m[34mSELECT "schema_migrations"."version" FROM "schema_migrations" ORDER BY "schema_migrations"."version" ASC[0m
  [1m[35m (0.1ms)[0m  [1m[34mSELECT pg_try_advisory_lock(6163866117450727245)[0m
  [1m[36mActiveRecord::SchemaMigration Load (0.1ms)[0m  [1m[34mSELECT "schema_migrations"."version" FROM "schema_migrations" ORDER BY "schema_migrations"."version" ASC[0m
Migrating to CreateDoorkeeperTables (20240225160131)
  [1m[36mTRANSACTION (0.3ms)[0m  [1m[35mBEGIN[0m
  [1m[36mTRANSACTION (0.1ms)[0m  [1m[31mROLLBACK[0m
  [1m[35m (0.2ms)[0m  [1m[34mSELECT pg_advisory_unlock(6163866117450727245)[0m
[dotenv] Set [36mPOSTGRES_PORT[0m and [36mRAILS_MAX_THREADS[0m
[dotenv] Loaded [33m.env[0m
  [1m[36mActiveRecord::SchemaMigration Load (0.2ms)[0m  [1m[34mSELECT "schema_migrations"."version" FROM "schema_migrations" ORDER BY "schema_migrations"."version" ASC[0m
  [1m[36mActiveRecord::SchemaMigration Load (0.1ms)[0m  [1m[34mSELECT "schema_migrations"."version" FROM "schema_migrations" ORDER BY "schema_migrations"."version" ASC[0m
  [1m[36mActiveRecord::SchemaMigration Load (0.1ms)[0m  [1m[34mSELECT "schema_migrations"."version" FROM "schema_migrations" ORDER BY "schema_migrations"."version" ASC[0m
  [1m[35m (0.1ms)[0m  [1m[34mSELECT pg_try_advisory_lock(6163866117450727245)[0m
  [1m[36mActiveRecord::SchemaMigration Load (0.1ms)[0m  [1m[34mSELECT "schema_migrations"."version" FROM "schema_migrations" ORDER BY "schema_migrations"."version" ASC[0m
Migrating to CreateDoorkeeperTables (20240225160131)
  [1m[36mTRANSACTION (0.3ms)[0m  [1m[35mBEGIN[0m
  [1m[35m (0.5ms)[0m  [1m[35mALTER TABLE "oauth_access_tokens" DROP CONSTRAINT "fk_rails_732cb83ab7"[0m
  [1m[35m (0.3ms)[0m  [1m[35mDROP INDEX  "index_oauth_access_tokens_on_refresh_token"[0m
  [1m[35m (0.1ms)[0m  [1m[35mDROP INDEX  "index_oauth_access_tokens_on_token"[0m
  [1m[35m (0.6ms)[0m  [1m[35mDROP TABLE "oauth_access_tokens"[0m
  [1m[35m (0.3ms)[0m  [1m[35mALTER TABLE "oauth_access_grants" DROP CONSTRAINT "fk_rails_b4b53e07b8"[0m
  [1m[35m (0.1ms)[0m  [1m[35mDROP INDEX  "index_oauth_access_grants_on_token"[0m
  [1m[35m (0.5ms)[0m  [1m[35mDROP TABLE "oauth_access_grants"[0m
  [1m[35m (0.1ms)[0m  [1m[35mDROP INDEX  "index_oauth_applications_on_uid"[0m
  [1m[35m (0.5ms)[0m  [1m[35mDROP TABLE "oauth_applications"[0m
  [1m[36mActiveRecord::SchemaMigration Destroy (0.3ms)[0m  [1m[31mDELETE FROM "schema_migrations" WHERE "schema_migrations"."version" = '20240225160131'[0m
  [1m[36mTRANSACTION (12.9ms)[0m  [1m[35mCOMMIT[0m
  [1m[35m (0.4ms)[0m  [1m[34mSELECT pg_advisory_unlock(6163866117450727245)[0m
  [1m[36mActiveRecord::SchemaMigration Load (0.5ms)[0m  [1m[34mSELECT "schema_migrations"."version" FROM "schema_migrations" ORDER BY "schema_migrations"."version" ASC[0m
[dotenv] Set [36mPOSTGRES_PORT[0m and [36mRAILS_MAX_THREADS[0m
[dotenv] Loaded [33m.env[0m
[dotenv] Set [36mPOSTGRES_PORT[0m and [36mRAILS_MAX_THREADS[0m
[dotenv] Loaded [33m.env[0m
  [1m[36mActiveRecord::SchemaMigration Load (0.4ms)[0m  [1m[34mSELECT "schema_migrations"."version" FROM "schema_migrations" ORDER BY "schema_migrations"."version" ASC[0m
[dotenv] Set [36mPOSTGRES_PORT[0m and [36mRAILS_MAX_THREADS[0m
[dotenv] Loaded [33m.env[0m
  [1m[35m (0.0ms)[0m  [1m[34mSELECT pg_try_advisory_lock(6163866117450727245)[0m
  [1m[36mActiveRecord::SchemaMigration Load (0.4ms)[0m  [1m[34mSELECT "schema_migrations"."version" FROM "schema_migrations" ORDER BY "schema_migrations"."version" ASC[0m
  [1m[36mActiveRecord::InternalMetadata Load (0.5ms)[0m  [1m[34mSELECT * FROM "ar_internal_metadata" WHERE "ar_internal_metadata"."key" = $1 ORDER BY "ar_internal_metadata"."key" ASC LIMIT 1[0m  [[nil, "environment"]]
Migrating to CreateDoorkeeperTables (20240225160131)
  [1m[36mTRANSACTION (0.2ms)[0m  [1m[35mBEGIN[0m
  [1m[35m (26.0ms)[0m  [1m[35mCREATE TABLE "oauth_applications" ("id" bigserial primary key, "name" character varying NOT NULL, "uid" character varying NOT NULL, "secret" character varying NOT NULL, "redirect_uri" text NOT NULL, "scopes" character varying DEFAULT '' NOT NULL, "confidential" boolean DEFAULT TRUE NOT NULL, "created_at" timestamp(6) NOT NULL, "updated_at" timestamp(6) NOT NULL)[0m
  [1m[35m (7.7ms)[0m  [1m[35mCREATE UNIQUE INDEX "index_oauth_applications_on_uid" ON "oauth_applications" ("uid")[0m
  [1m[35m (16.7ms)[0m  [1m[35mCREATE TABLE "oauth_access_grants" ("id" bigserial primary key, "resource_owner_id" bigint NOT NULL, "application_id" bigint NOT NULL, "token" character varying NOT NULL, "expires_in" integer NOT NULL, "redirect_uri" text NOT NULL, "scopes" character varying DEFAULT '' NOT NULL, "created_at" timestamp(6) NOT NULL, "revoked_at" timestamp(6))[0m
  [1m[35m (7.2ms)[0m  [1m[35mCREATE INDEX "index_oauth_access_grants_on_resource_owner_id" ON "oauth_access_grants" ("resource_owner_id")[0m
  [1m[35m (7.6ms)[0m  [1m[35mCREATE INDEX "index_oauth_access_grants_on_application_id" ON "oauth_access_grants" ("application_id")[0m
  [1m[35m (7.9ms)[0m  [1m[35mCREATE UNIQUE INDEX "index_oauth_access_grants_on_token" ON "oauth_access_grants" ("token")[0m
  [1m[35m (2.0ms)[0m  [1m[35mALTER TABLE "oauth_access_grants" ADD CONSTRAINT "fk_rails_b4b53e07b8"
FOREIGN KEY ("application_id")
  REFERENCES "oauth_applications" ("id")
[0m
  [1m[35m (18.3ms)[0m  [1m[35mCREATE TABLE "oauth_access_tokens" ("id" bigserial primary key, "resource_owner_id" bigint, "application_id" bigint NOT NULL, "token" character varying NOT NULL, "refresh_token" character varying, "expires_in" integer, "scopes" character varying, "created_at" timestamp(6) NOT NULL, "revoked_at" timestamp(6), "previous_refresh_token" character varying DEFAULT '' NOT NULL)[0m
  [1m[35m (8.2ms)[0m  [1m[35mCREATE INDEX "index_oauth_access_tokens_on_resource_owner_id" ON "oauth_access_tokens" ("resource_owner_id")[0m
  [1m[35m (10.1ms)[0m  [1m[35mCREATE INDEX "index_oauth_access_tokens_on_application_id" ON "oauth_access_tokens" ("application_id")[0m
  [1m[35m (7.6ms)[0m  [1m[35mCREATE UNIQUE INDEX "index_oauth_access_tokens_on_token" ON "oauth_access_tokens" ("token")[0m
  [1m[35m (7.8ms)[0m  [1m[35mCREATE UNIQUE INDEX "index_oauth_access_tokens_on_refresh_token" ON "oauth_access_tokens" ("refresh_token")[0m
  [1m[35m (1.6ms)[0m  [1m[35mALTER TABLE "oauth_access_tokens" ADD CONSTRAINT "fk_rails_732cb83ab7"
FOREIGN KEY ("application_id")
  REFERENCES "oauth_applications" ("id")
[0m
  [1m[35m (1.5ms)[0m  [1m[35mALTER TABLE "oauth_access_grants" ADD CONSTRAINT "fk_rails_330c32d8d9"
FOREIGN KEY ("resource_owner_id")
  REFERENCES "users" ("id")
[0m
  [1m[35m (0.8ms)[0m  [1m[35mALTER TABLE "oauth_access_tokens" ADD CONSTRAINT "fk_rails_ee63f25419"
FOREIGN KEY ("resource_owner_id")
  REFERENCES "users" ("id")
[0m
  [1m[36mActiveRecord::SchemaMigration Create (0.7ms)[0m  [1m[32mINSERT INTO "schema_migrations" ("version") VALUES ('20240225160131') RETURNING "version"[0m
  [1m[36mTRANSACTION (2.4ms)[0m  [1m[35mCOMMIT[0m
  [1m[35m (0.6ms)[0m  [1m[34mSELECT pg_advisory_unlock(6163866117450727245)[0m
  [1m[36mActiveRecord::SchemaMigration Load (0.5ms)[0m  [1m[34mSELECT "schema_migrations"."version" FROM "schema_migrations" ORDER BY "schema_migrations"."version" ASC[0m
[dotenv] Set [36mPOSTGRES_PORT[0m and [36mRAILS_MAX_THREADS[0m
[dotenv] Loaded [33m.env[0m
  [1m[36mActiveRecord::SchemaMigration Load (0.3ms)[0m  [1m[34mSELECT "schema_migrations"."version" FROM "schema_migrations" ORDER BY "schema_migrations"."version" ASC[0m
  [1m[36mUser Load (0.2ms)[0m  [1m[34mSELECT "users".* FROM "users" WHERE "users"."email" = $1 LIMIT $2[0m  [["email", "admin@a.ru"], ["LIMIT", 1]]
  [1m[36mTRANSACTION (0.4ms)[0m  [1m[35mBEGIN[0m
  [1m[36mUser Create (0.6ms)[0m  [1m[32mINSERT INTO "users" ("email", "encrypted_password", "created_at", "updated_at") VALUES ($1, $2, $3, $4) RETURNING "id"[0m  [["email", "admin@a.ru"], ["encrypted_password", "[FILTERED]"], ["created_at", "2024-02-25 16:17:10.716701"], ["updated_at", "2024-02-25 16:17:10.716701"]]
  [1m[36mTRANSACTION (2.5ms)[0m  [1m[35mCOMMIT[0m
  [1m[36mUser Load (0.3ms)[0m  [1m[34mSELECT "users".* FROM "users" WHERE "users"."email" = $1 LIMIT $2[0m  [["email", "p0@a.ru"], ["LIMIT", 1]]
  [1m[36mTRANSACTION (0.4ms)[0m  [1m[35mBEGIN[0m
  [1m[36mUser Create (1.1ms)[0m  [1m[32mINSERT INTO "users" ("email", "encrypted_password", "created_at", "updated_at") VALUES ($1, $2, $3, $4) RETURNING "id"[0m  [["email", "p0@a.ru"], ["encrypted_password", "[FILTERED]"], ["created_at", "2024-02-25 16:17:10.722076"], ["updated_at", "2024-02-25 16:17:10.722076"]]
  [1m[36mTRANSACTION (2.2ms)[0m  [1m[35mCOMMIT[0m
  [1m[36mUser Load (0.2ms)[0m  [1m[34mSELECT "users".* FROM "users" WHERE "users"."email" = $1 LIMIT $2[0m  [["email", "p1@a.ru"], ["LIMIT", 1]]
  [1m[36mTRANSACTION (0.3ms)[0m  [1m[35mBEGIN[0m
  [1m[36mUser Create (1.2ms)[0m  [1m[32mINSERT INTO "users" ("email", "encrypted_password", "created_at", "updated_at") VALUES ($1, $2, $3, $4) RETURNING "id"[0m  [["email", "p1@a.ru"], ["encrypted_password", "[FILTERED]"], ["created_at", "2024-02-25 16:17:10.727128"], ["updated_at", "2024-02-25 16:17:10.727128"]]
  [1m[36mTRANSACTION (2.2ms)[0m  [1m[35mCOMMIT[0m
[dotenv] Set [36mPOSTGRES_PORT[0m and [36mRAILS_MAX_THREADS[0m
[dotenv] Loaded [33m.env[0m
  [1m[36mTRANSACTION (0.4ms)[0m  [1m[35mBEGIN[0m
  [1m[36mDoorkeeper::Application Exists? (1.4ms)[0m  [1m[34mSELECT 1 AS one FROM "oauth_applications" WHERE "oauth_applications"."uid" = $1 LIMIT $2[0m  [["uid", "Z7trnYtI2PiXQYF8ZcwMkLKau8fxzkpbJpoUSvABbt0"], ["LIMIT", 1]]
  [1m[36mTRANSACTION (0.5ms)[0m  [1m[31mROLLBACK[0m
  [1m[36mTRANSACTION (0.7ms)[0m  [1m[35mBEGIN[0m
  [1m[36mDoorkeeper::Application Exists? (1.9ms)[0m  [1m[34mSELECT 1 AS one FROM "oauth_applications" WHERE "oauth_applications"."uid" = $1 LIMIT $2[0m  [["uid", "GJ2Fkurl-kZOFxUWBxOPurThY9kpUVZHJjSvzKT4y2Q"], ["LIMIT", 1]]
  [1m[36mDoorkeeper::Application Create (1.2ms)[0m  [1m[32mINSERT INTO "oauth_applications" ("name", "uid", "secret", "redirect_uri", "scopes", "confidential", "created_at", "updated_at") VALUES ($1, $2, $3, $4, $5, $6, $7, $8) RETURNING "id"[0m  [["name", "Test_0"], ["uid", "GJ2Fkurl-kZOFxUWBxOPurThY9kpUVZHJjSvzKT4y2Q"], ["secret", "[FILTERED]"], ["redirect_uri", "http://localhost:8080"], ["scopes", ""], ["confidential", true], ["created_at", "2024-02-25 16:30:39.346902"], ["updated_at", "2024-02-25 16:30:39.346902"]]
  [1m[36mTRANSACTION (12.1ms)[0m  [1m[35mCOMMIT[0m
  [1m[36mTRANSACTION (0.7ms)[0m  [1m[35mBEGIN[0m
  [1m[36mDoorkeeper::Application Exists? (1.8ms)[0m  [1m[34mSELECT 1 AS one FROM "oauth_applications" WHERE "oauth_applications"."uid" = $1 LIMIT $2[0m  [["uid", "_BzwMcH19ZfpHq_iay1PyrNqmuU71xDKbxNi-iqW_WM"], ["LIMIT", 1]]
  [1m[36mDoorkeeper::Application Create (0.8ms)[0m  [1m[32mINSERT INTO "oauth_applications" ("name", "uid", "secret", "redirect_uri", "scopes", "confidential", "created_at", "updated_at") VALUES ($1, $2, $3, $4, $5, $6, $7, $8) RETURNING "id"[0m  [["name", "Test_2"], ["uid", "_BzwMcH19ZfpHq_iay1PyrNqmuU71xDKbxNi-iqW_WM"], ["secret", "[FILTERED]"], ["redirect_uri", "http://localhost:8081"], ["scopes", ""], ["confidential", true], ["created_at", "2024-02-25 16:30:49.058836"], ["updated_at", "2024-02-25 16:30:49.058836"]]
  [1m[36mTRANSACTION (12.3ms)[0m  [1m[35mCOMMIT[0m
[dotenv] Set [36mPOSTGRES_PORT[0m and [36mRAILS_MAX_THREADS[0m
[dotenv] Loaded [33m.env[0m
[dotenv] Set [36mPOSTGRES_PORT[0m and [36mRAILS_MAX_THREADS[0m
[dotenv] Loaded [33m.env[0m
Started GET "/oauth/applications" for ::1 at 2024-02-25 23:34:32 +0700
  [1m[36mActiveRecord::SchemaMigration Load (0.5ms)[0m  [1m[34mSELECT "schema_migrations"."version" FROM "schema_migrations" ORDER BY "schema_migrations"."version" ASC[0m
  
NameError (uninitialized constant ApplicationController::API):
  
rails (ed84c0d8b001) activesupport/lib/active_support/inflector/methods.rb:290:in `const_get'
rails (ed84c0d8b001) activesupport/lib/active_support/inflector/methods.rb:290:in `constantize'
rails (ed84c0d8b001) activesupport/lib/active_support/core_ext/string/inflections.rb:74:in `constantize'
doorkeeper (5.6.9) lib/doorkeeper/config.rb:477:in `resolve_controller'
doorkeeper (5.6.9) app/controllers/doorkeeper/application_controller.rb:5:in `<module:Doorkeeper>'
doorkeeper (5.6.9) app/controllers/doorkeeper/application_controller.rb:3:in `<top (required)>'
<internal:/usr/share/rvm/rubies/ruby-3.2.2/lib/ruby/3.2.0/rubygems/core_ext/kernel_require.rb>:37:in `require'
<internal:/usr/share/rvm/rubies/ruby-3.2.2/lib/ruby/3.2.0/rubygems/core_ext/kernel_require.rb>:37:in `require'
zeitwerk (2.6.13) lib/zeitwerk/kernel.rb:26:in `require'
doorkeeper (5.6.9) app/controllers/doorkeeper/applications_controller.rb:4:in `<module:Doorkeeper>'
doorkeeper (5.6.9) app/controllers/doorkeeper/applications_controller.rb:3:in `<top (required)>'
<internal:/usr/share/rvm/rubies/ruby-3.2.2/lib/ruby/3.2.0/rubygems/core_ext/kernel_require.rb>:37:in `require'
<internal:/usr/share/rvm/rubies/ruby-3.2.2/lib/ruby/3.2.0/rubygems/core_ext/kernel_require.rb>:37:in `require'
zeitwerk (2.6.13) lib/zeitwerk/kernel.rb:26:in `require'
rails (ed84c0d8b001) activesupport/lib/active_support/inflector/methods.rb:290:in `const_get'
rails (ed84c0d8b001) activesupport/lib/active_support/inflector/methods.rb:290:in `constantize'
rails (ed84c0d8b001) activesupport/lib/active_support/core_ext/string/inflections.rb:74:in `constantize'
rails (ed84c0d8b001) actionpack/lib/action_dispatch/http/request.rb:90:in `controller_class_for'
rails (ed84c0d8b001) actionpack/lib/action_dispatch/request/utils.rb:100:in `action_encoding_template'
rails (ed84c0d8b001) actionpack/lib/action_dispatch/request/utils.rb:85:in `encode'
rails (ed84c0d8b001) actionpack/lib/action_dispatch/request/utils.rb:45:in `set_binary_encoding'
rails (ed84c0d8b001) actionpack/lib/action_dispatch/http/parameters.rb:68:in `path_parameters='
rails (ed84c0d8b001) actionpack/lib/action_dispatch/journey/router.rb:48:in `block in serve'
rails (ed84c0d8b001) actionpack/lib/action_dispatch/journey/router.rb:131:in `block in find_routes'
rails (ed84c0d8b001) actionpack/lib/action_dispatch/journey/router.rb:124:in `each'
rails (ed84c0d8b001) actionpack/lib/action_dispatch/journey/router.rb:124:in `find_routes'
rails (ed84c0d8b001) actionpack/lib/action_dispatch/journey/router.rb:32:in `serve'
rails (ed84c0d8b001) actionpack/lib/action_dispatch/routing/route_set.rb:882:in `call'
warden (1.2.9) lib/warden/manager.rb:36:in `block in call'
warden (1.2.9) lib/warden/manager.rb:34:in `catch'
warden (1.2.9) lib/warden/manager.rb:34:in `call'
rack (3.0.9.1) lib/rack/etag.rb:29:in `call'
rack (3.0.9.1) lib/rack/conditional_get.rb:31:in `call'
rack (3.0.9.1) lib/rack/head.rb:15:in `call'
rails (ed84c0d8b001) activerecord/lib/active_record/migration.rb:655:in `call'
rails (ed84c0d8b001) actionpack/lib/action_dispatch/middleware/callbacks.rb:29:in `block in call'
rails (ed84c0d8b001) activesupport/lib/active_support/callbacks.rb:101:in `run_callbacks'
rails (ed84c0d8b001) actionpack/lib/action_dispatch/middleware/callbacks.rb:28:in `call'
rails (ed84c0d8b001) actionpack/lib/action_dispatch/middleware/executor.rb:14:in `call'
rails (ed84c0d8b001) actionpack/lib/action_dispatch/middleware/actionable_exceptions.rb:16:in `call'
rails (ed84c0d8b001) actionpack/lib/action_dispatch/middleware/debug_exceptions.rb:29:in `call'
rails (ed84c0d8b001) actionpack/lib/action_dispatch/middleware/show_exceptions.rb:31:in `call'
rails (ed84c0d8b001) railties/lib/rails/rack/logger.rb:37:in `call_app'
rails (ed84c0d8b001) railties/lib/rails/rack/logger.rb:24:in `block in call'
rails (ed84c0d8b001) activesupport/lib/active_support/tagged_logging.rb:139:in `block in tagged'
rails (ed84c0d8b001) activesupport/lib/active_support/tagged_logging.rb:39:in `tagged'
rails (ed84c0d8b001) activesupport/lib/active_support/tagged_logging.rb:139:in `tagged'
rails (ed84c0d8b001) activesupport/lib/active_support/broadcast_logger.rb:240:in `method_missing'
rails (ed84c0d8b001) railties/lib/rails/rack/logger.rb:24:in `call'
rails (ed84c0d8b001) actionpack/lib/action_dispatch/middleware/remote_ip.rb:92:in `call'
rails (ed84c0d8b001) actionpack/lib/action_dispatch/middleware/request_id.rb:28:in `call'
rack (3.0.9.1) lib/rack/runtime.rb:24:in `call'
rails (ed84c0d8b001) activesupport/lib/active_support/cache/strategy/local_cache_middleware.rb:29:in `call'
rails (ed84c0d8b001) actionpack/lib/action_dispatch/middleware/server_timing.rb:59:in `block in call'
rails (ed84c0d8b001) actionpack/lib/action_dispatch/middleware/server_timing.rb:24:in `collect_events'
rails (ed84c0d8b001) actionpack/lib/action_dispatch/middleware/server_timing.rb:58:in `call'
rails (ed84c0d8b001) actionpack/lib/action_dispatch/middleware/executor.rb:14:in `call'
rails (ed84c0d8b001) actionpack/lib/action_dispatch/middleware/static.rb:25:in `call'
rack (3.0.9.1) lib/rack/sendfile.rb:114:in `call'
rails (ed84c0d8b001) actionpack/lib/action_dispatch/middleware/host_authorization.rb:141:in `call'
rails (ed84c0d8b001) railties/lib/rails/engine.rb:536:in `call'
puma (6.4.2) lib/puma/configuration.rb:272:in `call'
puma (6.4.2) lib/puma/request.rb:100:in `block in handle_request'
puma (6.4.2) lib/puma/thread_pool.rb:378:in `with_force_shutdown'
puma (6.4.2) lib/puma/request.rb:99:in `handle_request'
puma (6.4.2) lib/puma/server.rb:464:in `process_client'
puma (6.4.2) lib/puma/server.rb:245:in `block in run'
puma (6.4.2) lib/puma/thread_pool.rb:155:in `block in spawn_thread'
[dotenv] Set [36mPOSTGRES_PORT[0m and [36mRAILS_MAX_THREADS[0m
[dotenv] Loaded [33m.env[0m
  [1m[36mActiveRecord::SchemaMigration Load (0.4ms)[0m  [1m[34mSELECT "schema_migrations"."version" FROM "schema_migrations" ORDER BY "schema_migrations"."version" ASC[0m
  [1m[36mActiveRecord::InternalMetadata Load (0.6ms)[0m  [1m[34mSELECT * FROM "ar_internal_metadata" WHERE "ar_internal_metadata"."key" = $1 ORDER BY "ar_internal_metadata"."key" ASC LIMIT 1[0m  [[nil, "environment"]]
  [1m[36mActiveRecord::SchemaMigration Load (0.1ms)[0m  [1m[34mSELECT "schema_migrations"."version" FROM "schema_migrations" ORDER BY "schema_migrations"."version" ASC[0m
  [1m[36mActiveRecord::InternalMetadata Load (0.2ms)[0m  [1m[34mSELECT * FROM "ar_internal_metadata" WHERE "ar_internal_metadata"."key" = $1 ORDER BY "ar_internal_metadata"."key" ASC LIMIT 1[0m  [[nil, "environment"]]
  [1m[36mActiveRecord::SchemaMigration Load (0.1ms)[0m  [1m[34mSELECT "schema_migrations"."version" FROM "schema_migrations" ORDER BY "schema_migrations"."version" ASC[0m
  [1m[36mActiveRecord::InternalMetadata Load (0.2ms)[0m  [1m[34mSELECT * FROM "ar_internal_metadata" WHERE "ar_internal_metadata"."key" = $1 ORDER BY "ar_internal_metadata"."key" ASC LIMIT 1[0m  [[nil, "environment"]]
  [1m[35m (5010.3ms)[0m  [1m[35mDROP DATABASE IF EXISTS "ates_auth"[0m
[dotenv] Set [36mPOSTGRES_PORT[0m and [36mRAILS_MAX_THREADS[0m
[dotenv] Loaded [33m.env[0m
  [1m[36mActiveRecord::SchemaMigration Load (0.4ms)[0m  [1m[34mSELECT "schema_migrations"."version" FROM "schema_migrations" ORDER BY "schema_migrations"."version" ASC[0m
  [1m[36mActiveRecord::InternalMetadata Load (0.5ms)[0m  [1m[34mSELECT * FROM "ar_internal_metadata" WHERE "ar_internal_metadata"."key" = $1 ORDER BY "ar_internal_metadata"."key" ASC LIMIT 1[0m  [[nil, "environment"]]
  [1m[36mActiveRecord::SchemaMigration Load (0.1ms)[0m  [1m[34mSELECT "schema_migrations"."version" FROM "schema_migrations" ORDER BY "schema_migrations"."version" ASC[0m
  [1m[36mActiveRecord::InternalMetadata Load (0.2ms)[0m  [1m[34mSELECT * FROM "ar_internal_metadata" WHERE "ar_internal_metadata"."key" = $1 ORDER BY "ar_internal_metadata"."key" ASC LIMIT 1[0m  [[nil, "environment"]]
  [1m[36mActiveRecord::SchemaMigration Load (0.0ms)[0m  [1m[34mSELECT "schema_migrations"."version" FROM "schema_migrations" ORDER BY "schema_migrations"."version" ASC[0m
  [1m[36mActiveRecord::InternalMetadata Load (0.1ms)[0m  [1m[34mSELECT * FROM "ar_internal_metadata" WHERE "ar_internal_metadata"."key" = $1 ORDER BY "ar_internal_metadata"."key" ASC LIMIT 1[0m  [[nil, "environment"]]
  [1m[35m (5011.9ms)[0m  [1m[35mDROP DATABASE IF EXISTS "ates_auth"[0m
[dotenv] Set [36mPOSTGRES_PORT[0m and [36mRAILS_MAX_THREADS[0m
[dotenv] Loaded [33m.env[0m
  [1m[36mActiveRecord::SchemaMigration Load (0.2ms)[0m  [1m[34mSELECT "schema_migrations"."version" FROM "schema_migrations" ORDER BY "schema_migrations"."version" ASC[0m
  [1m[36mActiveRecord::InternalMetadata Load (0.3ms)[0m  [1m[34mSELECT * FROM "ar_internal_metadata" WHERE "ar_internal_metadata"."key" = $1 ORDER BY "ar_internal_metadata"."key" ASC LIMIT 1[0m  [[nil, "environment"]]
  [1m[36mActiveRecord::SchemaMigration Load (0.1ms)[0m  [1m[34mSELECT "schema_migrations"."version" FROM "schema_migrations" ORDER BY "schema_migrations"."version" ASC[0m
  [1m[36mActiveRecord::InternalMetadata Load (0.1ms)[0m  [1m[34mSELECT * FROM "ar_internal_metadata" WHERE "ar_internal_metadata"."key" = $1 ORDER BY "ar_internal_metadata"."key" ASC LIMIT 1[0m  [[nil, "environment"]]
  [1m[36mActiveRecord::SchemaMigration Load (0.0ms)[0m  [1m[34mSELECT "schema_migrations"."version" FROM "schema_migrations" ORDER BY "schema_migrations"."version" ASC[0m
  [1m[36mActiveRecord::InternalMetadata Load (0.1ms)[0m  [1m[34mSELECT * FROM "ar_internal_metadata" WHERE "ar_internal_metadata"."key" = $1 ORDER BY "ar_internal_metadata"."key" ASC LIMIT 1[0m  [[nil, "environment"]]
  [1m[35m (5010.6ms)[0m  [1m[35mDROP DATABASE IF EXISTS "ates_auth"[0m
[dotenv] Set [36mPOSTGRES_PORT[0m and [36mRAILS_MAX_THREADS[0m
[dotenv] Loaded [33m.env[0m
  [1m[36mActiveRecord::SchemaMigration Load (0.3ms)[0m  [1m[34mSELECT "schema_migrations"."version" FROM "schema_migrations" ORDER BY "schema_migrations"."version" ASC[0m
  [1m[36mActiveRecord::InternalMetadata Load (0.4ms)[0m  [1m[34mSELECT * FROM "ar_internal_metadata" WHERE "ar_internal_metadata"."key" = $1 ORDER BY "ar_internal_metadata"."key" ASC LIMIT 1[0m  [[nil, "environment"]]
  [1m[36mActiveRecord::SchemaMigration Load (0.1ms)[0m  [1m[34mSELECT "schema_migrations"."version" FROM "schema_migrations" ORDER BY "schema_migrations"."version" ASC[0m
  [1m[36mActiveRecord::InternalMetadata Load (0.2ms)[0m  [1m[34mSELECT * FROM "ar_internal_metadata" WHERE "ar_internal_metadata"."key" = $1 ORDER BY "ar_internal_metadata"."key" ASC LIMIT 1[0m  [[nil, "environment"]]
  [1m[36mActiveRecord::SchemaMigration Load (0.1ms)[0m  [1m[34mSELECT "schema_migrations"."version" FROM "schema_migrations" ORDER BY "schema_migrations"."version" ASC[0m
  [1m[36mActiveRecord::InternalMetadata Load (0.1ms)[0m  [1m[34mSELECT * FROM "ar_internal_metadata" WHERE "ar_internal_metadata"."key" = $1 ORDER BY "ar_internal_metadata"."key" ASC LIMIT 1[0m  [[nil, "environment"]]
  [1m[35m (54.0ms)[0m  [1m[35mDROP DATABASE IF EXISTS "ates_auth"[0m
  [1m[35m (52.9ms)[0m  [1m[35mDROP DATABASE IF EXISTS "auth_test"[0m
  [1m[35m (59.1ms)[0m  [1m[35mCREATE DATABASE "ates_auth" ENCODING = 'unicode'[0m
  [1m[35m (29.0ms)[0m  [1m[35mCREATE DATABASE "auth_test" ENCODING = 'unicode'[0m
  [1m[35m (15.7ms)[0m  [1m[35mCREATE TABLE "schema_migrations" ("version" character varying NOT NULL PRIMARY KEY)[0m
  [1m[35m (15.4ms)[0m  [1m[35mCREATE TABLE "ar_internal_metadata" ("key" character varying NOT NULL PRIMARY KEY, "value" character varying, "created_at" timestamp(6) NOT NULL, "updated_at" timestamp(6) NOT NULL)[0m
  [1m[35m (0.2ms)[0m  [1m[34mSELECT pg_try_advisory_lock(6163866117450727245)[0m
  [1m[36mActiveRecord::SchemaMigration Load (0.5ms)[0m  [1m[34mSELECT "schema_migrations"."version" FROM "schema_migrations" ORDER BY "schema_migrations"."version" ASC[0m
  [1m[36mActiveRecord::InternalMetadata Load (0.6ms)[0m  [1m[34mSELECT * FROM "ar_internal_metadata" WHERE "ar_internal_metadata"."key" = $1 ORDER BY "ar_internal_metadata"."key" ASC LIMIT 1[0m  [[nil, "environment"]]
  [1m[36mActiveRecord::InternalMetadata Create (2.1ms)[0m  [1m[32mINSERT INTO "ar_internal_metadata" ("key", "value", "created_at", "updated_at") VALUES ('environment', 'development', '2024-02-25 17:04:28.595572', '2024-02-25 17:04:28.595575') RETURNING "key"[0m
Migrating to DeviseCreateUsers (20240225150237)
  [1m[36mTRANSACTION (0.3ms)[0m  [1m[35mBEGIN[0m
  [1m[35mSQL (4.5ms)[0m  [1m[35mCREATE EXTENSION IF NOT EXISTS "pgcrypto"[0m
  [1m[35m (14.3ms)[0m  [1m[35mCREATE TABLE "users" ("id" bigserial primary key, "email" character varying DEFAULT '' NOT NULL, "encrypted_password" character varying DEFAULT '' NOT NULL, "public_id" uuid DEFAULT gen_random_uuid() NOT NULL, "admin" boolean DEFAULT FALSE, "created_at" timestamp(6) NOT NULL, "updated_at" timestamp(6) NOT NULL)[0m
  [1m[35m (6.8ms)[0m  [1m[35mCREATE UNIQUE INDEX "index_users_on_email" ON "users" ("email")[0m
  [1m[36mActiveRecord::SchemaMigration Create (0.3ms)[0m  [1m[32mINSERT INTO "schema_migrations" ("version") VALUES ('20240225150237') RETURNING "version"[0m
  [1m[36mTRANSACTION (2.1ms)[0m  [1m[35mCOMMIT[0m
Migrating to CreateDoorkeeperTables (20240225160131)
  [1m[36mTRANSACTION (0.2ms)[0m  [1m[35mBEGIN[0m
  [1m[35m (13.5ms)[0m  [1m[35mCREATE TABLE "oauth_applications" ("id" bigserial primary key, "name" character varying NOT NULL, "uid" character varying NOT NULL, "secret" character varying NOT NULL, "redirect_uri" text NOT NULL, "scopes" character varying DEFAULT '' NOT NULL, "confidential" boolean DEFAULT TRUE NOT NULL, "created_at" timestamp(6) NOT NULL, "updated_at" timestamp(6) NOT NULL)[0m
  [1m[35m (6.7ms)[0m  [1m[35mCREATE UNIQUE INDEX "index_oauth_applications_on_uid" ON "oauth_applications" ("uid")[0m
  [1m[35m (14.0ms)[0m  [1m[35mCREATE TABLE "oauth_access_grants" ("id" bigserial primary key, "resource_owner_id" bigint NOT NULL, "application_id" bigint NOT NULL, "token" character varying NOT NULL, "expires_in" integer NOT NULL, "redirect_uri" text NOT NULL, "scopes" character varying DEFAULT '' NOT NULL, "created_at" timestamp(6) NOT NULL, "revoked_at" timestamp(6))[0m
  [1m[35m (6.5ms)[0m  [1m[35mCREATE INDEX "index_oauth_access_grants_on_resource_owner_id" ON "oauth_access_grants" ("resource_owner_id")[0m
  [1m[35m (6.7ms)[0m  [1m[35mCREATE INDEX "index_oauth_access_grants_on_application_id" ON "oauth_access_grants" ("application_id")[0m
  [1m[35m (7.1ms)[0m  [1m[35mCREATE UNIQUE INDEX "index_oauth_access_grants_on_token" ON "oauth_access_grants" ("token")[0m
  [1m[35m (0.9ms)[0m  [1m[35mALTER TABLE "oauth_access_grants" ADD CONSTRAINT "fk_rails_b4b53e07b8"
FOREIGN KEY ("application_id")
  REFERENCES "oauth_applications" ("id")
[0m
  [1m[35m (13.8ms)[0m  [1m[35mCREATE TABLE "oauth_access_tokens" ("id" bigserial primary key, "resource_owner_id" bigint, "application_id" bigint NOT NULL, "token" character varying NOT NULL, "refresh_token" character varying, "expires_in" integer, "scopes" character varying, "created_at" timestamp(6) NOT NULL, "revoked_at" timestamp(6), "previous_refresh_token" character varying DEFAULT '' NOT NULL)[0m
  [1m[35m (6.9ms)[0m  [1m[35mCREATE INDEX "index_oauth_access_tokens_on_resource_owner_id" ON "oauth_access_tokens" ("resource_owner_id")[0m
  [1m[35m (7.0ms)[0m  [1m[35mCREATE INDEX "index_oauth_access_tokens_on_application_id" ON "oauth_access_tokens" ("application_id")[0m
  [1m[35m (6.7ms)[0m  [1m[35mCREATE UNIQUE INDEX "index_oauth_access_tokens_on_token" ON "oauth_access_tokens" ("token")[0m
  [1m[35m (6.7ms)[0m  [1m[35mCREATE UNIQUE INDEX "index_oauth_access_tokens_on_refresh_token" ON "oauth_access_tokens" ("refresh_token")[0m
  [1m[35m (0.8ms)[0m  [1m[35mALTER TABLE "oauth_access_tokens" ADD CONSTRAINT "fk_rails_732cb83ab7"
FOREIGN KEY ("application_id")
  REFERENCES "oauth_applications" ("id")
[0m
  [1m[35m (0.7ms)[0m  [1m[35mALTER TABLE "oauth_access_grants" ADD CONSTRAINT "fk_rails_330c32d8d9"
FOREIGN KEY ("resource_owner_id")
  REFERENCES "users" ("id")
[0m
  [1m[35m (0.5ms)[0m  [1m[35mALTER TABLE "oauth_access_tokens" ADD CONSTRAINT "fk_rails_ee63f25419"
FOREIGN KEY ("resource_owner_id")
  REFERENCES "users" ("id")
[0m
  [1m[36mActiveRecord::SchemaMigration Create (0.2ms)[0m  [1m[32mINSERT INTO "schema_migrations" ("version") VALUES ('20240225160131') RETURNING "version"[0m
  [1m[36mTRANSACTION (1.9ms)[0m  [1m[35mCOMMIT[0m
  [1m[35m (0.2ms)[0m  [1m[34mSELECT pg_advisory_unlock(6163866117450727245)[0m
  [1m[36mActiveRecord::SchemaMigration Load (0.2ms)[0m  [1m[34mSELECT "schema_migrations"."version" FROM "schema_migrations" ORDER BY "schema_migrations"."version" ASC[0m
  [1m[36mActiveRecord::SchemaMigration Load (0.1ms)[0m  [1m[34mSELECT "schema_migrations"."version" FROM "schema_migrations" ORDER BY "schema_migrations"."version" ASC[0m
[dotenv] Set [36mPOSTGRES_PORT[0m and [36mRAILS_MAX_THREADS[0m
[dotenv] Loaded [33m.env[0m
  [1m[36mActiveRecord::SchemaMigration Load (0.4ms)[0m  [1m[34mSELECT "schema_migrations"."version" FROM "schema_migrations" ORDER BY "schema_migrations"."version" ASC[0m
  [1m[36mActiveRecord::InternalMetadata Load (0.3ms)[0m  [1m[34mSELECT * FROM "ar_internal_metadata" WHERE "ar_internal_metadata"."key" = $1 ORDER BY "ar_internal_metadata"."key" ASC LIMIT 1[0m  [[nil, "environment"]]
  [1m[36mActiveRecord::SchemaMigration Load (0.1ms)[0m  [1m[34mSELECT "schema_migrations"."version" FROM "schema_migrations" ORDER BY "schema_migrations"."version" ASC[0m
  [1m[36mActiveRecord::InternalMetadata Load (0.2ms)[0m  [1m[34mSELECT * FROM "ar_internal_metadata" WHERE "ar_internal_metadata"."key" = $1 ORDER BY "ar_internal_metadata"."key" ASC LIMIT 1[0m  [[nil, "environment"]]
  [1m[36mActiveRecord::SchemaMigration Load (0.1ms)[0m  [1m[34mSELECT "schema_migrations"."version" FROM "schema_migrations" ORDER BY "schema_migrations"."version" ASC[0m
  [1m[36mActiveRecord::InternalMetadata Load (0.1ms)[0m  [1m[34mSELECT * FROM "ar_internal_metadata" WHERE "ar_internal_metadata"."key" = $1 ORDER BY "ar_internal_metadata"."key" ASC LIMIT 1[0m  [[nil, "environment"]]
  [1m[35m (182.4ms)[0m  [1m[35mDROP DATABASE IF EXISTS "ates_auth"[0m
  [1m[35m (61.9ms)[0m  [1m[35mDROP DATABASE IF EXISTS "auth_test"[0m
  [1m[35m (27.7ms)[0m  [1m[35mCREATE DATABASE "ates_auth" ENCODING = 'unicode'[0m
  [1m[35m (29.3ms)[0m  [1m[35mCREATE DATABASE "auth_test" ENCODING = 'unicode'[0m
  [1m[35m (15.4ms)[0m  [1m[35mCREATE TABLE "schema_migrations" ("version" character varying NOT NULL PRIMARY KEY)[0m
  [1m[35m (16.1ms)[0m  [1m[35mCREATE TABLE "ar_internal_metadata" ("key" character varying NOT NULL PRIMARY KEY, "value" character varying, "created_at" timestamp(6) NOT NULL, "updated_at" timestamp(6) NOT NULL)[0m
  [1m[35m (0.4ms)[0m  [1m[34mSELECT pg_try_advisory_lock(6163866117450727245)[0m
  [1m[36mActiveRecord::SchemaMigration Load (0.3ms)[0m  [1m[34mSELECT "schema_migrations"."version" FROM "schema_migrations" ORDER BY "schema_migrations"."version" ASC[0m
  [1m[36mActiveRecord::InternalMetadata Load (0.3ms)[0m  [1m[34mSELECT * FROM "ar_internal_metadata" WHERE "ar_internal_metadata"."key" = $1 ORDER BY "ar_internal_metadata"."key" ASC LIMIT 1[0m  [[nil, "environment"]]
  [1m[36mActiveRecord::InternalMetadata Create (2.0ms)[0m  [1m[32mINSERT INTO "ar_internal_metadata" ("key", "value", "created_at", "updated_at") VALUES ('environment', 'development', '2024-02-25 17:07:31.743459', '2024-02-25 17:07:31.743462') RETURNING "key"[0m
Migrating to DeviseCreateUsers (20240225150237)
  [1m[36mTRANSACTION (0.1ms)[0m  [1m[35mBEGIN[0m
  [1m[35mSQL (2.1ms)[0m  [1m[35mCREATE EXTENSION IF NOT EXISTS "pgcrypto"[0m
  [1m[35m (13.7ms)[0m  [1m[35mCREATE TABLE "users" ("id" bigserial primary key, "email" character varying DEFAULT '' NOT NULL, "encrypted_password" character varying DEFAULT '' NOT NULL, "public_id" uuid DEFAULT gen_random_uuid() NOT NULL, "admin" boolean DEFAULT FALSE, "created_at" timestamp(6) NOT NULL, "updated_at" timestamp(6) NOT NULL)[0m
  [1m[35m (6.8ms)[0m  [1m[35mCREATE UNIQUE INDEX "index_users_on_email" ON "users" ("email")[0m
  [1m[36mActiveRecord::SchemaMigration Create (0.2ms)[0m  [1m[32mINSERT INTO "schema_migrations" ("version") VALUES ('20240225150237') RETURNING "version"[0m
  [1m[36mTRANSACTION (2.1ms)[0m  [1m[35mCOMMIT[0m
Migrating to CreateDoorkeeperTables (20240225160131)
  [1m[36mTRANSACTION (0.3ms)[0m  [1m[35mBEGIN[0m
  [1m[35m (14.5ms)[0m  [1m[35mCREATE TABLE "oauth_applications" ("id" bigserial primary key, "name" character varying NOT NULL, "uid" character varying NOT NULL, "secret" character varying NOT NULL, "redirect_uri" text NOT NULL, "scopes" character varying DEFAULT '' NOT NULL, "confidential" boolean DEFAULT TRUE NOT NULL, "created_at" timestamp(6) NOT NULL, "updated_at" timestamp(6) NOT NULL)[0m
  [1m[35m (4.9ms)[0m  [1m[35mCREATE UNIQUE INDEX "index_oauth_applications_on_uid" ON "oauth_applications" ("uid")[0m
  [1m[35m (14.5ms)[0m  [1m[35mCREATE TABLE "oauth_access_grants" ("id" bigserial primary key, "resource_owner_id" bigint NOT NULL, "application_id" bigint NOT NULL, "token" character varying NOT NULL, "expires_in" integer NOT NULL, "redirect_uri" text NOT NULL, "scopes" character varying DEFAULT '' NOT NULL, "created_at" timestamp(6) NOT NULL, "revoked_at" timestamp(6))[0m
  [1m[35m (7.0ms)[0m  [1m[35mCREATE INDEX "index_oauth_access_grants_on_resource_owner_id" ON "oauth_access_grants" ("resource_owner_id")[0m
  [1m[35m (7.4ms)[0m  [1m[35mCREATE INDEX "index_oauth_access_grants_on_application_id" ON "oauth_access_grants" ("application_id")[0m
  [1m[35m (7.0ms)[0m  [1m[35mCREATE UNIQUE INDEX "index_oauth_access_grants_on_token" ON "oauth_access_grants" ("token")[0m
  [1m[35m (0.9ms)[0m  [1m[35mALTER TABLE "oauth_access_grants" ADD CONSTRAINT "fk_rails_b4b53e07b8"
FOREIGN KEY ("application_id")
  REFERENCES "oauth_applications" ("id")
[0m
  [1m[35m (13.9ms)[0m  [1m[35mCREATE TABLE "oauth_access_tokens" ("id" bigserial primary key, "resource_owner_id" bigint, "application_id" bigint NOT NULL, "token" character varying NOT NULL, "refresh_token" character varying, "expires_in" integer, "scopes" character varying, "created_at" timestamp(6) NOT NULL, "revoked_at" timestamp(6), "previous_refresh_token" character varying DEFAULT '' NOT NULL)[0m
  [1m[35m (7.1ms)[0m  [1m[35mCREATE INDEX "index_oauth_access_tokens_on_resource_owner_id" ON "oauth_access_tokens" ("resource_owner_id")[0m
  [1m[35m (6.8ms)[0m  [1m[35mCREATE INDEX "index_oauth_access_tokens_on_application_id" ON "oauth_access_tokens" ("application_id")[0m
  [1m[35m (6.8ms)[0m  [1m[35mCREATE UNIQUE INDEX "index_oauth_access_tokens_on_token" ON "oauth_access_tokens" ("token")[0m
  [1m[35m (6.7ms)[0m  [1m[35mCREATE UNIQUE INDEX "index_oauth_access_tokens_on_refresh_token" ON "oauth_access_tokens" ("refresh_token")[0m
  [1m[35m (0.8ms)[0m  [1m[35mALTER TABLE "oauth_access_tokens" ADD CONSTRAINT "fk_rails_732cb83ab7"
FOREIGN KEY ("application_id")
  REFERENCES "oauth_applications" ("id")
[0m
  [1m[35m (0.5ms)[0m  [1m[35mALTER TABLE "oauth_access_grants" ADD CONSTRAINT "fk_rails_330c32d8d9"
FOREIGN KEY ("resource_owner_id")
  REFERENCES "users" ("id")
[0m
  [1m[35m (0.4ms)[0m  [1m[35mALTER TABLE "oauth_access_tokens" ADD CONSTRAINT "fk_rails_ee63f25419"
FOREIGN KEY ("resource_owner_id")
  REFERENCES "users" ("id")
[0m
  [1m[36mActiveRecord::SchemaMigration Create (0.2ms)[0m  [1m[32mINSERT INTO "schema_migrations" ("version") VALUES ('20240225160131') RETURNING "version"[0m
  [1m[36mTRANSACTION (1.9ms)[0m  [1m[35mCOMMIT[0m
  [1m[35m (0.2ms)[0m  [1m[34mSELECT pg_advisory_unlock(6163866117450727245)[0m
  [1m[36mActiveRecord::SchemaMigration Load (0.3ms)[0m  [1m[34mSELECT "schema_migrations"."version" FROM "schema_migrations" ORDER BY "schema_migrations"."version" ASC[0m
  [1m[36mActiveRecord::SchemaMigration Load (0.1ms)[0m  [1m[34mSELECT "schema_migrations"."version" FROM "schema_migrations" ORDER BY "schema_migrations"."version" ASC[0m
[dotenv] Set [36mPOSTGRES_PORT[0m and [36mRAILS_MAX_THREADS[0m
[dotenv] Loaded [33m.env[0m
  [1m[36mActiveRecord::SchemaMigration Load (0.2ms)[0m  [1m[34mSELECT "schema_migrations"."version" FROM "schema_migrations" ORDER BY "schema_migrations"."version" ASC[0m
  [1m[36mUser Load (0.4ms)[0m  [1m[34mSELECT "users".* FROM "users" ORDER BY "users"."id" ASC LIMIT $1[0m  [["LIMIT", 1]]
  [1m[36mTRANSACTION (0.6ms)[0m  [1m[35mBEGIN[0m
  [1m[36mUser Create (2.2ms)[0m  [1m[32mINSERT INTO "users" ("email", "encrypted_password", "admin", "created_at", "updated_at") VALUES ($1, $2, $3, $4, $5) RETURNING "id", "public_id"[0m  [["email", "admin@a.ru"], ["encrypted_password", "[FILTERED]"], ["admin", false], ["created_at", "2024-02-25 17:08:21.333165"], ["updated_at", "2024-02-25 17:08:21.333165"]]
  [1m[36mTRANSACTION (12.9ms)[0m  [1m[35mCOMMIT[0m
  [1m[36mUser Load (0.6ms)[0m  [1m[34mSELECT "users".* FROM "users" ORDER BY "users"."id" ASC LIMIT $1[0m  [["LIMIT", 1]]
  [1m[36mCACHE User Load (0.0ms)[0m  [1m[34mSELECT "users".* FROM "users" ORDER BY "users"."id" ASC LIMIT $1[0m  [["LIMIT", 1]]
  [1m[36mTRANSACTION (0.2ms)[0m  [1m[35mBEGIN[0m
  [1m[36mDoorkeeper::Application Exists? (1.5ms)[0m  [1m[34mSELECT 1 AS one FROM "oauth_applications" WHERE "oauth_applications"."uid" = $1 LIMIT $2[0m  [["uid", "ir9RMBUqd5dN6IE2vbva9-L2cNgnjbaeRW0iS_B8YCI"], ["LIMIT", 1]]
  [1m[36mDoorkeeper::Application Create (0.5ms)[0m  [1m[32mINSERT INTO "oauth_applications" ("name", "uid", "secret", "redirect_uri", "scopes", "confidential", "created_at", "updated_at") VALUES ($1, $2, $3, $4, $5, $6, $7, $8) RETURNING "id"[0m  [["name", "Test"], ["uid", "ir9RMBUqd5dN6IE2vbva9-L2cNgnjbaeRW0iS_B8YCI"], ["secret", "[FILTERED]"], ["redirect_uri", "http://localhost:8080"], ["scopes", ""], ["confidential", true], ["created_at", "2024-02-25 17:08:21.366109"], ["updated_at", "2024-02-25 17:08:21.366109"]]
  [1m[36mTRANSACTION (2.2ms)[0m  [1m[35mCOMMIT[0m
  [1m[36mTRANSACTION (0.3ms)[0m  [1m[35mBEGIN[0m
  [1m[36mDoorkeeper::Application Exists? (1.7ms)[0m  [1m[34mSELECT 1 AS one FROM "oauth_applications" WHERE "oauth_applications"."uid" = $1 LIMIT $2[0m  [["uid", "FWwD5DPWvNvZoqlMtRAGWDTz-YmAeubrxRtZI01kDrI"], ["LIMIT", 1]]
  [1m[36mDoorkeeper::Application Create (0.3ms)[0m  [1m[32mINSERT INTO "oauth_applications" ("name", "uid", "secret", "redirect_uri", "scopes", "confidential", "created_at", "updated_at") VALUES ($1, $2, $3, $4, $5, $6, $7, $8) RETURNING "id"[0m  [["name", "Test_1"], ["uid", "FWwD5DPWvNvZoqlMtRAGWDTz-YmAeubrxRtZI01kDrI"], ["secret", "[FILTERED]"], ["redirect_uri", "http://localhost:8081"], ["scopes", ""], ["confidential", true], ["created_at", "2024-02-25 17:08:21.373476"], ["updated_at", "2024-02-25 17:08:21.373476"]]
  [1m[36mTRANSACTION (2.0ms)[0m  [1m[35mCOMMIT[0m
